mode: set
github.com/arcana-network/dkgnode/common/sharing/feldman.go:20.59,23.16 3 1
github.com/arcana-network/dkgnode/common/sharing/feldman.go:23.16,25.3 1 0
github.com/arcana-network/dkgnode/common/sharing/feldman.go:26.2,30.42 4 1
github.com/arcana-network/dkgnode/common/sharing/feldman.go:30.42,33.3 2 1
github.com/arcana-network/dkgnode/common/sharing/feldman.go:34.2,39.20 4 1
github.com/arcana-network/dkgnode/common/sharing/feldman.go:39.20,41.3 1 1
github.com/arcana-network/dkgnode/common/sharing/feldman.go:41.8,43.3 1 0
github.com/arcana-network/dkgnode/common/sharing/feldman.go:51.81,52.23 1 1
github.com/arcana-network/dkgnode/common/sharing/feldman.go:52.23,54.3 1 0
github.com/arcana-network/dkgnode/common/sharing/feldman.go:55.2,55.19 1 1
github.com/arcana-network/dkgnode/common/sharing/feldman.go:55.19,57.3 1 0
github.com/arcana-network/dkgnode/common/sharing/feldman.go:58.2,58.17 1 1
github.com/arcana-network/dkgnode/common/sharing/feldman.go:58.17,60.3 1 0
github.com/arcana-network/dkgnode/common/sharing/feldman.go:61.2,61.18 1 1
github.com/arcana-network/dkgnode/common/sharing/feldman.go:61.18,63.3 1 0
github.com/arcana-network/dkgnode/common/sharing/feldman.go:64.2,64.47 1 1
github.com/arcana-network/dkgnode/common/sharing/feldman.go:67.106,68.21 1 1
github.com/arcana-network/dkgnode/common/sharing/feldman.go:68.21,70.3 1 0
github.com/arcana-network/dkgnode/common/sharing/feldman.go:71.2,80.38 6 1
github.com/arcana-network/dkgnode/common/sharing/feldman.go:80.38,82.3 1 1
github.com/arcana-network/dkgnode/common/sharing/feldman.go:83.2,83.30 1 1
github.com/arcana-network/dkgnode/common/sharing/feldman.go:86.99,93.28 3 1
github.com/arcana-network/dkgnode/common/sharing/feldman.go:93.28,95.3 1 1
github.com/arcana-network/dkgnode/common/sharing/feldman.go:96.2,96.42 1 1
github.com/arcana-network/dkgnode/common/sharing/feldman.go:99.73,106.2 2 1
github.com/arcana-network/dkgnode/common/sharing/feldman.go:108.78,115.2 2 1
github.com/arcana-network/dkgnode/common/sharing/shamir.go:28.59,29.16 1 1
github.com/arcana-network/dkgnode/common/sharing/shamir.go:29.16,31.3 1 0
github.com/arcana-network/dkgnode/common/sharing/shamir.go:32.2,33.16 2 1
github.com/arcana-network/dkgnode/common/sharing/shamir.go:33.16,35.3 1 0
github.com/arcana-network/dkgnode/common/sharing/shamir.go:36.2,36.17 1 1
github.com/arcana-network/dkgnode/common/sharing/shamir.go:36.17,38.3 1 0
github.com/arcana-network/dkgnode/common/sharing/shamir.go:39.2,39.12 1 1
github.com/arcana-network/dkgnode/common/sharing/shamir.go:42.38,46.2 3 1
github.com/arcana-network/dkgnode/common/sharing/shamir.go:53.79,54.23 1 1
github.com/arcana-network/dkgnode/common/sharing/shamir.go:54.23,56.3 1 0
github.com/arcana-network/dkgnode/common/sharing/shamir.go:57.2,57.19 1 1
github.com/arcana-network/dkgnode/common/sharing/shamir.go:57.19,59.3 1 0
github.com/arcana-network/dkgnode/common/sharing/shamir.go:60.2,60.17 1 1
github.com/arcana-network/dkgnode/common/sharing/shamir.go:60.17,62.3 1 0
github.com/arcana-network/dkgnode/common/sharing/shamir.go:63.2,63.18 1 1
github.com/arcana-network/dkgnode/common/sharing/shamir.go:63.18,65.3 1 0
github.com/arcana-network/dkgnode/common/sharing/shamir.go:66.2,66.46 1 1
github.com/arcana-network/dkgnode/common/sharing/shamir.go:69.87,70.21 1 1
github.com/arcana-network/dkgnode/common/sharing/shamir.go:70.21,72.3 1 1
github.com/arcana-network/dkgnode/common/sharing/shamir.go:73.2,74.20 2 1
github.com/arcana-network/dkgnode/common/sharing/shamir.go:77.112,80.24 3 1
github.com/arcana-network/dkgnode/common/sharing/shamir.go:80.24,86.3 2 1
github.com/arcana-network/dkgnode/common/sharing/shamir.go:87.2,87.21 1 1
github.com/arcana-network/dkgnode/common/sharing/shamir.go:90.87,92.32 2 1
github.com/arcana-network/dkgnode/common/sharing/shamir.go:92.32,94.3 1 1
github.com/arcana-network/dkgnode/common/sharing/shamir.go:96.2,97.24 2 1
github.com/arcana-network/dkgnode/common/sharing/shamir.go:97.24,100.25 3 1
github.com/arcana-network/dkgnode/common/sharing/shamir.go:100.25,101.14 1 1
github.com/arcana-network/dkgnode/common/sharing/shamir.go:101.14,102.13 1 1
github.com/arcana-network/dkgnode/common/sharing/shamir.go:105.4,106.29 2 1
github.com/arcana-network/dkgnode/common/sharing/shamir.go:108.3,108.19 1 1
github.com/arcana-network/dkgnode/common/sharing/shamir.go:108.19,110.4 1 0
github.com/arcana-network/dkgnode/common/sharing/shamir.go:111.3,111.27 1 1
github.com/arcana-network/dkgnode/common/sharing/shamir.go:113.2,113.20 1 1
github.com/arcana-network/dkgnode/common/sharing/shamir.go:116.72,117.36 1 1
github.com/arcana-network/dkgnode/common/sharing/shamir.go:117.36,119.3 1 1
github.com/arcana-network/dkgnode/common/sharing/shamir.go:120.2,124.31 4 1
github.com/arcana-network/dkgnode/common/sharing/shamir.go:124.31,126.17 2 1
github.com/arcana-network/dkgnode/common/sharing/shamir.go:126.17,128.4 1 0
github.com/arcana-network/dkgnode/common/sharing/shamir.go:129.3,129.25 1 1
github.com/arcana-network/dkgnode/common/sharing/shamir.go:129.25,131.4 1 0
github.com/arcana-network/dkgnode/common/sharing/shamir.go:132.3,132.34 1 1
github.com/arcana-network/dkgnode/common/sharing/shamir.go:132.34,134.4 1 1
github.com/arcana-network/dkgnode/common/sharing/shamir.go:135.3,137.44 3 1
github.com/arcana-network/dkgnode/common/sharing/shamir.go:139.2,139.30 1 1
github.com/arcana-network/dkgnode/common/sharing/shamir.go:142.77,143.36 1 1
github.com/arcana-network/dkgnode/common/sharing/shamir.go:143.36,145.3 1 0
github.com/arcana-network/dkgnode/common/sharing/shamir.go:146.2,150.31 4 1
github.com/arcana-network/dkgnode/common/sharing/shamir.go:150.31,152.17 2 1
github.com/arcana-network/dkgnode/common/sharing/shamir.go:152.17,154.4 1 0
github.com/arcana-network/dkgnode/common/sharing/shamir.go:155.3,155.25 1 1
github.com/arcana-network/dkgnode/common/sharing/shamir.go:155.25,157.4 1 0
github.com/arcana-network/dkgnode/common/sharing/shamir.go:158.3,158.34 1 1
github.com/arcana-network/dkgnode/common/sharing/shamir.go:158.34,160.4 1 1
github.com/arcana-network/dkgnode/common/sharing/shamir.go:161.3,164.44 4 1
github.com/arcana-network/dkgnode/common/sharing/shamir.go:166.2,166.35 1 1
github.com/arcana-network/dkgnode/common/sharing/shamir.go:169.76,171.24 2 1
github.com/arcana-network/dkgnode/common/sharing/shamir.go:171.24,174.25 3 1
github.com/arcana-network/dkgnode/common/sharing/shamir.go:174.25,175.14 1 1
github.com/arcana-network/dkgnode/common/sharing/shamir.go:175.14,176.13 1 1
github.com/arcana-network/dkgnode/common/sharing/shamir.go:178.4,179.29 2 1
github.com/arcana-network/dkgnode/common/sharing/shamir.go:181.3,181.19 1 1
github.com/arcana-network/dkgnode/common/sharing/shamir.go:181.19,183.4 1 1
github.com/arcana-network/dkgnode/common/sharing/shamir.go:184.3,184.47 1 1
github.com/arcana-network/dkgnode/common/sharing/shamir.go:186.2,186.20 1 1
github.com/arcana-network/dkgnode/common/sharing/shamir.go:189.95,191.24 2 1
github.com/arcana-network/dkgnode/common/sharing/shamir.go:191.24,194.25 3 1
github.com/arcana-network/dkgnode/common/sharing/shamir.go:194.25,195.14 1 1
github.com/arcana-network/dkgnode/common/sharing/shamir.go:195.14,196.13 1 1
github.com/arcana-network/dkgnode/common/sharing/shamir.go:198.4,199.29 2 1
github.com/arcana-network/dkgnode/common/sharing/shamir.go:201.3,201.19 1 1
github.com/arcana-network/dkgnode/common/sharing/shamir.go:201.19,203.4 1 0
github.com/arcana-network/dkgnode/common/sharing/shamir.go:204.3,204.47 1 1
github.com/arcana-network/dkgnode/common/sharing/shamir.go:206.2,206.20 1 1
github.com/arcana-network/dkgnode/common/sharing/shared.go:10.61,14.31 3 1
github.com/arcana-network/dkgnode/common/sharing/shared.go:14.31,16.10 2 1
github.com/arcana-network/dkgnode/common/sharing/shared.go:16.10,18.4 1 0
github.com/arcana-network/dkgnode/common/sharing/shared.go:19.3,20.17 2 1
github.com/arcana-network/dkgnode/common/sharing/shared.go:21.8,21.41 1 0
github.com/arcana-network/dkgnode/common/sharing/shared.go:21.41,23.10 2 0
github.com/arcana-network/dkgnode/common/sharing/shared.go:23.10,25.4 1 0
github.com/arcana-network/dkgnode/common/sharing/shared.go:26.3,27.17 2 0
github.com/arcana-network/dkgnode/common/sharing/shared.go:28.8,30.3 1 0
github.com/arcana-network/dkgnode/common/sharing/shared.go:33.65,36.30 2 1
github.com/arcana-network/dkgnode/common/sharing/shared.go:36.30,38.3 1 1
github.com/arcana-network/dkgnode/common/sharing/shared.go:38.8,38.35 1 0
github.com/arcana-network/dkgnode/common/sharing/shared.go:38.35,40.3 1 0
github.com/arcana-network/dkgnode/common/sharing/shared.go:42.2,43.16 2 1
github.com/arcana-network/dkgnode/common/sharing/shared.go:43.16,45.3 1 0
github.com/arcana-network/dkgnode/common/sharing/shared.go:47.2,47.65 1 1
