mode: set
github.com/arcana-network/dkgnode/dpss/message_handlers/dacss/echo_handler.go:24.158,33.18 2 0
github.com/arcana-network/dkgnode/dpss/message_handlers/dacss/echo_handler.go:33.18,35.3 1 0
github.com/arcana-network/dkgnode/dpss/message_handlers/dacss/echo_handler.go:35.8,37.3 1 0
github.com/arcana-network/dkgnode/dpss/message_handlers/dacss/echo_handler.go:39.2,40.16 2 0
github.com/arcana-network/dkgnode/dpss/message_handlers/dacss/echo_handler.go:40.16,42.3 1 0
github.com/arcana-network/dkgnode/dpss/message_handlers/dacss/echo_handler.go:44.2,45.18 2 0
github.com/arcana-network/dkgnode/dpss/message_handlers/dacss/echo_handler.go:48.49,61.2 10 0
github.com/arcana-network/dkgnode/dpss/message_handlers/dacss/echo_handler.go:63.94,126.2 0 0
github.com/arcana-network/dkgnode/dpss/message_handlers/dacss/init_handler.go:22.133,31.16 3 1
github.com/arcana-network/dkgnode/dpss/message_handlers/dacss/init_handler.go:31.16,33.3 1 0
github.com/arcana-network/dkgnode/dpss/message_handlers/dacss/init_handler.go:35.2,36.18 2 1
github.com/arcana-network/dkgnode/dpss/message_handlers/dacss/init_handler.go:40.87,43.23 2 1
github.com/arcana-network/dkgnode/dpss/message_handlers/dacss/init_handler.go:43.23,45.3 1 0
github.com/arcana-network/dkgnode/dpss/message_handlers/dacss/init_handler.go:48.2,50.25 3 1
github.com/arcana-network/dkgnode/dpss/message_handlers/dacss/init_handler.go:50.25,53.17 3 1
github.com/arcana-network/dkgnode/dpss/message_handlers/dacss/init_handler.go:53.17,55.4 1 0
github.com/arcana-network/dkgnode/dpss/message_handlers/dacss/init_handler.go:56.3,56.47 1 1
github.com/arcana-network/dkgnode/dpss/message_handlers/dacss/output_handler.go:22.159,34.16 3 0
github.com/arcana-network/dkgnode/dpss/message_handlers/dacss/output_handler.go:34.16,36.3 1 0
github.com/arcana-network/dkgnode/dpss/message_handlers/dacss/output_handler.go:38.2,39.18 2 0
github.com/arcana-network/dkgnode/dpss/message_handlers/dacss/propose_handler.go:24.166,33.16 3 0
github.com/arcana-network/dkgnode/dpss/message_handlers/dacss/propose_handler.go:33.16,35.3 1 0
github.com/arcana-network/dkgnode/dpss/message_handlers/dacss/propose_handler.go:37.2,38.18 2 0
github.com/arcana-network/dkgnode/dpss/message_handlers/dacss/propose_handler.go:41.98,47.16 4 0
github.com/arcana-network/dkgnode/dpss/message_handlers/dacss/propose_handler.go:47.16,50.3 2 0
github.com/arcana-network/dkgnode/dpss/message_handlers/dacss/propose_handler.go:51.2,54.38 2 0
github.com/arcana-network/dkgnode/dpss/message_handlers/dacss/propose_handler.go:54.38,56.3 1 0
github.com/arcana-network/dkgnode/dpss/message_handlers/dacss/propose_handler.go:59.2,74.14 8 0
github.com/arcana-network/dkgnode/dpss/message_handlers/dacss/propose_handler.go:74.15,131.3 0 0
github.com/arcana-network/dkgnode/dpss/message_handlers/dacss/ready_handler.go:30.159,39.18 2 0
github.com/arcana-network/dkgnode/dpss/message_handlers/dacss/ready_handler.go:39.18,41.3 1 0
github.com/arcana-network/dkgnode/dpss/message_handlers/dacss/ready_handler.go:41.8,43.3 1 0
github.com/arcana-network/dkgnode/dpss/message_handlers/dacss/ready_handler.go:44.2,45.16 2 0
github.com/arcana-network/dkgnode/dpss/message_handlers/dacss/ready_handler.go:45.16,47.3 1 0
github.com/arcana-network/dkgnode/dpss/message_handlers/dacss/ready_handler.go:49.2,50.18 2 0
github.com/arcana-network/dkgnode/dpss/message_handlers/dacss/ready_handler.go:53.50,66.2 10 0
github.com/arcana-network/dkgnode/dpss/message_handlers/dacss/share_handler.go:27.167,36.16 3 1
github.com/arcana-network/dkgnode/dpss/message_handlers/dacss/share_handler.go:36.16,38.3 1 0
github.com/arcana-network/dkgnode/dpss/message_handlers/dacss/share_handler.go:40.2,41.18 2 1
github.com/arcana-network/dkgnode/dpss/message_handlers/dacss/share_handler.go:44.106,47.37 1 0
github.com/arcana-network/dkgnode/dpss/message_handlers/dacss/share_handler.go:47.37,49.3 1 0
github.com/arcana-network/dkgnode/dpss/message_handlers/dacss/share_handler.go:51.2,66.59 6 0
github.com/arcana-network/dkgnode/dpss/message_handlers/dacss/share_handler.go:72.38,89.2 0 0
github.com/arcana-network/dkgnode/dpss/message_handlers/dacss/test_utils.go:65.72,73.20 6 1
github.com/arcana-network/dkgnode/dpss/message_handlers/dacss/test_utils.go:73.20,75.3 1 0
github.com/arcana-network/dkgnode/dpss/message_handlers/dacss/test_utils.go:75.8,77.3 1 1
github.com/arcana-network/dkgnode/dpss/message_handlers/dacss/test_utils.go:79.2,79.24 1 1
github.com/arcana-network/dkgnode/dpss/message_handlers/dacss/test_utils.go:82.73,84.2 1 1
github.com/arcana-network/dkgnode/dpss/message_handlers/dacss/test_utils.go:87.134,93.72 4 0
github.com/arcana-network/dkgnode/dpss/message_handlers/dacss/test_utils.go:93.72,96.3 2 0
github.com/arcana-network/dkgnode/dpss/message_handlers/dacss/test_utils.go:97.2,104.32 4 0
github.com/arcana-network/dkgnode/dpss/message_handlers/dacss/test_utils.go:104.32,111.3 5 0
github.com/arcana-network/dkgnode/dpss/message_handlers/dacss/test_utils.go:113.2,113.38 1 0
github.com/arcana-network/dkgnode/dpss/message_handlers/dacss/test_utils.go:113.38,119.3 5 0
github.com/arcana-network/dkgnode/dpss/message_handlers/dacss/test_utils.go:122.2,122.32 1 0
github.com/arcana-network/dkgnode/dpss/message_handlers/dacss/test_utils.go:122.32,129.3 5 0
github.com/arcana-network/dkgnode/dpss/message_handlers/dacss/test_utils.go:131.2,131.38 1 0
github.com/arcana-network/dkgnode/dpss/message_handlers/dacss/test_utils.go:131.38,137.3 5 0
github.com/arcana-network/dkgnode/dpss/message_handlers/dacss/test_utils.go:139.2,140.38 2 0
github.com/arcana-network/dkgnode/dpss/message_handlers/dacss/test_utils.go:143.125,159.2 2 1
github.com/arcana-network/dkgnode/dpss/message_handlers/dacss/test_utils.go:161.65,168.32 4 1
github.com/arcana-network/dkgnode/dpss/message_handlers/dacss/test_utils.go:168.32,171.3 2 1
github.com/arcana-network/dkgnode/dpss/message_handlers/dacss/test_utils.go:173.2,173.32 1 1
github.com/arcana-network/dkgnode/dpss/message_handlers/dacss/test_utils.go:173.32,176.3 2 0
github.com/arcana-network/dkgnode/dpss/message_handlers/dacss/test_utils.go:178.2,178.29 1 1
github.com/arcana-network/dkgnode/dpss/message_handlers/dacss/test_utils.go:181.104,183.20 1 0
github.com/arcana-network/dkgnode/dpss/message_handlers/dacss/test_utils.go:183.20,184.32 1 0
github.com/arcana-network/dkgnode/dpss/message_handlers/dacss/test_utils.go:184.32,185.40 1 0
github.com/arcana-network/dkgnode/dpss/message_handlers/dacss/test_utils.go:185.40,187.5 1 0
github.com/arcana-network/dkgnode/dpss/message_handlers/dacss/test_utils.go:189.8,190.32 1 0
github.com/arcana-network/dkgnode/dpss/message_handlers/dacss/test_utils.go:190.32,191.40 1 0
github.com/arcana-network/dkgnode/dpss/message_handlers/dacss/test_utils.go:191.40,193.5 1 0
github.com/arcana-network/dkgnode/dpss/message_handlers/dacss/test_utils.go:200.90,204.31 2 0
github.com/arcana-network/dkgnode/dpss/message_handlers/dacss/test_utils.go:204.31,206.34 2 0
github.com/arcana-network/dkgnode/dpss/message_handlers/dacss/test_utils.go:206.34,208.9 2 0
github.com/arcana-network/dkgnode/dpss/message_handlers/dacss/test_utils.go:212.2,212.31 1 0
github.com/arcana-network/dkgnode/dpss/message_handlers/dacss/test_utils.go:212.31,214.34 2 0
github.com/arcana-network/dkgnode/dpss/message_handlers/dacss/test_utils.go:214.34,216.9 2 0
github.com/arcana-network/dkgnode/dpss/message_handlers/dacss/test_utils.go:221.63,223.2 1 0
github.com/arcana-network/dkgnode/dpss/message_handlers/dacss/test_utils.go:229.98,232.9 3 1
github.com/arcana-network/dkgnode/dpss/message_handlers/dacss/test_utils.go:233.51,234.47 1 1
github.com/arcana-network/dkgnode/dpss/message_handlers/dacss/test_utils.go:236.10,237.61 1 0
github.com/arcana-network/dkgnode/dpss/message_handlers/dacss/test_utils.go:241.68,245.39 3 0
github.com/arcana-network/dkgnode/dpss/message_handlers/dacss/test_utils.go:245.39,246.26 1 0
github.com/arcana-network/dkgnode/dpss/message_handlers/dacss/test_utils.go:246.26,248.4 1 0
github.com/arcana-network/dkgnode/dpss/message_handlers/dacss/test_utils.go:250.2,250.30 1 0
github.com/arcana-network/dkgnode/dpss/message_handlers/dacss/test_utils.go:253.82,257.39 3 0
github.com/arcana-network/dkgnode/dpss/message_handlers/dacss/test_utils.go:257.39,258.26 1 0
github.com/arcana-network/dkgnode/dpss/message_handlers/dacss/test_utils.go:258.26,260.4 1 0
github.com/arcana-network/dkgnode/dpss/message_handlers/dacss/test_utils.go:262.2,262.25 1 0
github.com/arcana-network/dkgnode/dpss/message_handlers/dacss/test_utils.go:265.104,266.26 1 1
github.com/arcana-network/dkgnode/dpss/message_handlers/dacss/test_utils.go:267.23,271.17 4 1
github.com/arcana-network/dkgnode/dpss/message_handlers/dacss/test_utils.go:271.17,274.4 2 0
github.com/arcana-network/dkgnode/dpss/message_handlers/dacss/test_utils.go:275.3,275.28 1 1
github.com/arcana-network/dkgnode/dpss/message_handlers/dacss/test_utils.go:277.37,281.17 4 0
github.com/arcana-network/dkgnode/dpss/message_handlers/dacss/test_utils.go:281.17,284.4 2 0
github.com/arcana-network/dkgnode/dpss/message_handlers/dacss/test_utils.go:287.24,291.17 4 1
github.com/arcana-network/dkgnode/dpss/message_handlers/dacss/test_utils.go:291.17,294.4 2 1
github.com/arcana-network/dkgnode/dpss/message_handlers/dacss/test_utils.go:295.3,295.28 1 0
github.com/arcana-network/dkgnode/dpss/message_handlers/dacss/test_utils.go:301.32,303.2 1 0
github.com/arcana-network/dkgnode/dpss/message_handlers/dacss/test_utils.go:305.40,307.2 1 1
github.com/arcana-network/dkgnode/dpss/message_handlers/dacss/test_utils.go:309.40,311.2 1 0
github.com/arcana-network/dkgnode/dpss/message_handlers/dacss/test_utils.go:313.47,315.2 1 0
github.com/arcana-network/dkgnode/dpss/message_handlers/dacss/test_utils.go:317.48,321.2 1 1
github.com/arcana-network/dkgnode/dpss/message_handlers/dacss/test_utils.go:326.74,328.2 1 0
github.com/arcana-network/dkgnode/dpss/message_handlers/dacss/test_utils.go:330.52,332.2 1 0
github.com/arcana-network/dkgnode/dpss/message_handlers/dacss/test_utils.go:334.113,336.2 1 0
github.com/arcana-network/dkgnode/dpss/message_handlers/dacss/test_utils.go:337.105,339.2 0 0
github.com/arcana-network/dkgnode/dpss/message_handlers/dacss/test_utils.go:341.75,342.16 1 0
github.com/arcana-network/dkgnode/dpss/message_handlers/dacss/test_utils.go:342.16,345.3 2 0
github.com/arcana-network/dkgnode/dpss/message_handlers/dacss/test_utils.go:346.2,346.55 1 0
github.com/arcana-network/dkgnode/dpss/message_handlers/dacss/test_utils.go:349.86,351.16 1 0
github.com/arcana-network/dkgnode/dpss/message_handlers/dacss/test_utils.go:351.16,354.3 2 0
github.com/arcana-network/dkgnode/dpss/message_handlers/dacss/test_utils.go:355.2,356.12 2 0
github.com/arcana-network/dkgnode/dpss/message_handlers/dacss/test_utils.go:359.96,362.2 1 0
github.com/arcana-network/dkgnode/dpss/message_handlers/dacss/test_utils.go:364.52,366.2 1 1
github.com/arcana-network/dkgnode/dpss/message_handlers/dacss/test_utils.go:368.64,369.45 1 0
github.com/arcana-network/dkgnode/dpss/message_handlers/dacss/test_utils.go:369.45,371.56 2 0
github.com/arcana-network/dkgnode/dpss/message_handlers/dacss/test_utils.go:371.56,374.4 2 0
github.com/arcana-network/dkgnode/dpss/message_handlers/dacss/test_utils.go:375.3,378.13 4 0
github.com/arcana-network/dkgnode/dpss/message_handlers/dacss/test_utils.go:378.13,378.42 1 0
github.com/arcana-network/dkgnode/dpss/message_handlers/dacss/test_utils.go:382.50,384.2 1 0
github.com/arcana-network/dkgnode/dpss/message_handlers/dacss/test_utils.go:386.78,388.22 1 0
github.com/arcana-network/dkgnode/dpss/message_handlers/dacss/test_utils.go:388.22,389.42 1 0
github.com/arcana-network/dkgnode/dpss/message_handlers/dacss/test_utils.go:389.42,390.21 1 0
github.com/arcana-network/dkgnode/dpss/message_handlers/dacss/test_utils.go:390.21,392.5 1 0
github.com/arcana-network/dkgnode/dpss/message_handlers/dacss/test_utils.go:394.8,395.42 1 0
github.com/arcana-network/dkgnode/dpss/message_handlers/dacss/test_utils.go:395.42,396.21 1 0
github.com/arcana-network/dkgnode/dpss/message_handlers/dacss/test_utils.go:396.21,398.5 1 0
github.com/arcana-network/dkgnode/dpss/message_handlers/dacss/test_utils.go:402.2,403.27 2 0
github.com/arcana-network/dkgnode/dpss/message_handlers/dacss/test_utils.go:406.71,416.2 1 0
